<?xml version="1.0" encoding="UTF-8" ?>
<testsuite tests="8" failures="4" name="EstadisticaTest" time="0.263" errors="0" skipped="0">
  <properties>
[...]
</properties>
  <testcase classname="EstadisticaTest" name="testCalcularFxSegundaParte" time="0"/>
  <testcase classname="EstadisticaTest" name="test1CalculoPrograma7" time="0.13">
    <failure message="expected:&lt;...r^2: 0.9110637099775758,tailArea: 1.7751922070985415E-5,beta0: -22.55253275203438,beta1: 1.7279324262069864,yk: 644.4293837638623,Range: 230.00172610114413,UPI: ...&gt; but was:&lt;...  r^2: 0.9110637099775758,  tailArea: 1.7751922070985415E-5,  beta0: -22.552532752034267,  beta1: 1.727932426206986,  yk: 644.4293837638623,  Range: 230.00172610114413,  UPI:...&gt;" type="junit.framework.ComparisonFailure">junit.framework.ComparisonFailure: expected:&lt;...r^2: 0.9110637099775758,tailArea: 1.7751922070985415E-5,beta0: -22.55253275203438,beta1: 1.7279324262069864,yk: 644.4293837638623,Range: 230.00172610114413,UPI: ...&gt; but was:&lt;...  r^2: 0.9110637099775758,  tailArea: 1.7751922070985415E-5,  beta0: -22.552532752034267,  beta1: 1.727932426206986,  yk: 644.4293837638623,  Range: 230.00172610114413,  UPI:...&gt;
	at junit.framework.Assert.assertEquals(Assert.java:81)
	at junit.framework.Assert.assertEquals(Assert.java:87)
	at EstadisticaTest.test1CalculoPrograma7(EstadisticaTest.java:89)
</failure>
    <system-out>test1 CalculoPrograma7
</system-out>
  </testcase>
  <testcase classname="EstadisticaTest" name="testCalcularXDistribucionT" time="0.03"/>
  <testcase classname="EstadisticaTest" name="testCalcularFxPrimeraParte" time="0.01"/>
  <testcase classname="EstadisticaTest" name="test2CalculoPrograma7" time="0.04">
    <failure message="expected:&lt;...r^2: 0.871061766116737,tailArea: 7.982103462012002E-5,beta0: -4.038881574687579,beta1: 0.168126649881629,yk: 60.858005279621224,Range: 27.557648239487744,UPI: 88.41565351910897,  LPI:33.30035704013348&gt; but was:&lt;...  r^2: 0.871061766116737,  tailArea: 7.982103462012002E-5,  beta0: -4.038881574687551,  beta1: 0.16812664988162895,  yk: 60.858005279621224,  Range: 27.557648239487733,  UPI:88.41565351910896,  LPI:33.30035704013349&gt;" type="junit.framework.ComparisonFailure">junit.framework.ComparisonFailure: expected:&lt;...r^2: 0.871061766116737,tailArea: 7.982103462012002E-5,beta0: -4.038881574687579,beta1: 0.168126649881629,yk: 60.858005279621224,Range: 27.557648239487744,UPI: 88.41565351910897,  LPI:33.30035704013348&gt; but was:&lt;...  r^2: 0.871061766116737,  tailArea: 7.982103462012002E-5,  beta0: -4.038881574687551,  beta1: 0.16812664988162895,  yk: 60.858005279621224,  Range: 27.557648239487733,  UPI:88.41565351910896,  LPI:33.30035704013349&gt;
	at junit.framework.Assert.assertEquals(Assert.java:81)
	at junit.framework.Assert.assertEquals(Assert.java:87)
	at EstadisticaTest.test2CalculoPrograma7(EstadisticaTest.java:98)
</failure>
    <system-out>test2 CalculoPrograma7
</system-out>
  </testcase>
  <testcase classname="EstadisticaTest" name="test3CalculoPrograma7" time="0.02">
    <failure message="expected:&lt;...r^2: 0.02405976745686793,tailArea: 0.8448878873299417,beta0: 349.1135217292316,beta1: -1.2738207085849105,yk: -142.58127178454384,Range: 2395.1418579493975,UPI: ...&gt; but was:&lt;...  r^2: 0.02405976745686793,  tailArea: 0.8448878873299417,  beta0: 349.1135217292316,  beta1: -1.2738207085849105,  yk: -142.58127178454384,  Range: 2395.1418579493975,  UPI:...&gt;" type="junit.framework.ComparisonFailure">junit.framework.ComparisonFailure: expected:&lt;...r^2: 0.02405976745686793,tailArea: 0.8448878873299417,beta0: 349.1135217292316,beta1: -1.2738207085849105,yk: -142.58127178454384,Range: 2395.1418579493975,UPI: ...&gt; but was:&lt;...  r^2: 0.02405976745686793,  tailArea: 0.8448878873299417,  beta0: 349.1135217292316,  beta1: -1.2738207085849105,  yk: -142.58127178454384,  Range: 2395.1418579493975,  UPI:...&gt;
	at junit.framework.Assert.assertEquals(Assert.java:81)
	at junit.framework.Assert.assertEquals(Assert.java:87)
	at EstadisticaTest.test3CalculoPrograma7(EstadisticaTest.java:107)
</failure>
    <system-out>test3 CalculoPrograma7
</system-out>
  </testcase>
  <testcase classname="EstadisticaTest" name="test4CalculoPrograma7" time="0.01">
    <failure message="expected:&lt;...r^2: 0.5072325791615665,tailArea: 0.28779740107826557,beta0: 1.4125661432497258,beta1: 0.04356796778051751,yk: 18.229801706529486,Range: 12.677737745846745,UPI: ...&gt; but was:&lt;...  r^2: 0.5072325791615665,  tailArea: 0.28779740107826535,  beta0: 1.4125661432497258,  beta1: 0.04356796778051751,  yk: 18.229801706529486,  Range: 12.677737745846745,  UPI:...&gt;" type="junit.framework.ComparisonFailure">junit.framework.ComparisonFailure: expected:&lt;...r^2: 0.5072325791615665,tailArea: 0.28779740107826557,beta0: 1.4125661432497258,beta1: 0.04356796778051751,yk: 18.229801706529486,Range: 12.677737745846745,UPI: ...&gt; but was:&lt;...  r^2: 0.5072325791615665,  tailArea: 0.28779740107826535,  beta0: 1.4125661432497258,  beta1: 0.04356796778051751,  yk: 18.229801706529486,  Range: 12.677737745846745,  UPI:...&gt;
	at junit.framework.Assert.assertEquals(Assert.java:81)
	at junit.framework.Assert.assertEquals(Assert.java:87)
	at EstadisticaTest.test4CalculoPrograma7(EstadisticaTest.java:116)
</failure>
    <system-out>test4 CalculoPrograma7
</system-out>
  </testcase>
  <testcase classname="EstadisticaTest" name="testSumatoria" time="0"/>
</testsuite>